{"level":"INFO","timestamp":"2025-02-23T02:36:36.138+0700","caller":"initialize/logger.go:10","msg":"Logger initialized successfully"}
{"level":"INFO","timestamp":"2025-02-23T02:36:36.308+0700","caller":"initialize/kafka.go:28","msg":"Kafka consumer initialized","broker":"localhost","group_id":"user-group","topic":"user-events"}
{"level":"INFO","timestamp":"2025-02-23T02:36:36.308+0700","caller":"initialize/kafka.go:63","msg":"Kafka initialized","KafkaConfig":{"Broker":"localhost","Port":9092,"Topic":"user-events","GroupID":"user-group"}}
{"level":"INFO","timestamp":"2025-02-23T02:36:36.308+0700","caller":"initialize/read_database.go:22","msg":"Elasticsearch client initialized"}
{"level":"INFO","timestamp":"2025-02-23T02:36:52.184+0700","caller":"initialize/logger.go:10","msg":"Logger initialized successfully"}
{"level":"INFO","timestamp":"2025-02-23T02:36:52.346+0700","caller":"initialize/kafka.go:18","msg":"Kafka producer initialized","broker":"localhost","topic":"user-events"}
{"level":"INFO","timestamp":"2025-02-23T02:36:52.346+0700","caller":"initialize/kafka.go:28","msg":"Kafka consumer initialized","broker":"localhost","group_id":"user-group","topic":"user-events"}
{"level":"INFO","timestamp":"2025-02-23T02:36:52.346+0700","caller":"initialize/kafka.go:63","msg":"Kafka initialized","KafkaConfig":{"Broker":"localhost","Port":9092,"Topic":"user-events","GroupID":"user-group"}}
{"level":"INFO","timestamp":"2025-02-23T02:36:52.347+0700","caller":"initialize/read_database.go:22","msg":"Elasticsearch client initialized"}
{"level":"INFO","timestamp":"2025-02-23T04:24:46.184+0700","caller":"initialize/logger.go:10","msg":"Logger initialized successfully"}
{"level":"INFO","timestamp":"2025-02-23T04:24:46.365+0700","caller":"initialize/kafka.go:23","msg":"Kafka producer initialized","broker":"localhost","topic":"user-events"}
{"level":"INFO","timestamp":"2025-02-23T04:24:46.366+0700","caller":"initialize/kafka.go:33","msg":"Kafka consumer initialized","broker":"localhost","group_id":"user-group","topic":"user-events"}
{"level":"INFO","timestamp":"2025-02-23T04:24:46.366+0700","caller":"initialize/kafka.go:55","msg":"Kafka initialized","KafkaConfig":{"Broker":"localhost","Port":9092,"Topic":"user-events","GroupID":"user-group"}}
{"level":"INFO","timestamp":"2025-02-23T04:24:46.366+0700","caller":"initialize/read_database.go:22","msg":"Elasticsearch client initialized"}
{"level":"INFO","timestamp":"2025-02-23T04:27:56.688+0700","caller":"initialize/logger.go:10","msg":"Logger initialized successfully"}
{"level":"INFO","timestamp":"2025-02-23T04:27:56.876+0700","caller":"initialize/kafka.go:23","msg":"Kafka producer initialized","broker":"localhost","topic":"user-events"}
{"level":"INFO","timestamp":"2025-02-23T04:27:56.876+0700","caller":"initialize/kafka.go:33","msg":"Kafka consumer initialized","broker":"localhost","group_id":"user-group","topic":"user-events"}
{"level":"INFO","timestamp":"2025-02-23T04:27:56.876+0700","caller":"initialize/kafka.go:55","msg":"Kafka initialized","KafkaConfig":{"Broker":"localhost","Port":9092,"Topic":"user-events","GroupID":"user-group"}}
{"level":"INFO","timestamp":"2025-02-23T04:27:56.877+0700","caller":"initialize/read_database.go:22","msg":"Elasticsearch client initialized"}
{"level":"INFO","timestamp":"2025-02-23T04:28:27.678+0700","caller":"consumer/event.consumer.go:21","msg":"Message consumed from Kafka","key":"UserCreated","value":"{\"payload\":{\"ID\":6,\"Username\":\"bhtoan2205\",\"Email\":\"banhhaotoan2003@gmail.com\",\"FirstName\":\"Hao\",\"LastName\":\"Toan\",\"Phone\":\"0123456789\",\"BirthDate\":\"2002-02-20T00:00:00Z\",\"Address\":\"\",\"Settings\":null,\"Role\":\"\"},\"occurred\":\"2025-02-23T04:28:26.593636+07:00\"}"}
{"level":"WARN","timestamp":"2025-02-23T04:28:27.678+0700","caller":"consumer/event.consumer.go:40","msg":"Unknown message key","key":"UserCreated"}
{"level":"INFO","timestamp":"2025-02-23T04:32:37.940+0700","caller":"initialize/logger.go:10","msg":"Logger initialized successfully"}
{"level":"INFO","timestamp":"2025-02-23T04:32:38.159+0700","caller":"initialize/kafka.go:23","msg":"Kafka producer initialized","broker":"localhost","topic":"user-events"}
{"level":"INFO","timestamp":"2025-02-23T04:32:38.160+0700","caller":"initialize/kafka.go:33","msg":"Kafka consumer initialized","broker":"localhost","group_id":"user-group","topic":"user-events"}
{"level":"INFO","timestamp":"2025-02-23T04:32:38.160+0700","caller":"initialize/kafka.go:55","msg":"Kafka initialized","KafkaConfig":{"Broker":"localhost","Port":9092,"Topic":"user-events","GroupID":"user-group"}}
{"level":"INFO","timestamp":"2025-02-23T04:32:38.161+0700","caller":"initialize/read_database.go:22","msg":"Elasticsearch client initialized"}
{"level":"INFO","timestamp":"2025-02-23T04:32:58.475+0700","caller":"consumer/event.consumer.go:21","msg":"Message consumed from Kafka","key":"UserCreated","value":"{\"payload\":{\"ID\":7,\"Username\":\"bhtoan2205\",\"Email\":\"banhhaotoan2003@gmail.com\",\"FirstName\":\"Hao\",\"LastName\":\"Toan\",\"Phone\":\"0123456789\",\"BirthDate\":\"2002-02-20T00:00:00Z\",\"Address\":\"\",\"Settings\":null,\"Role\":\"\"},\"occurred\":\"2025-02-23T04:32:40.684141+07:00\"}"}
{"level":"INFO","timestamp":"2025-02-23T04:32:59.308+0700","caller":"consumer/event.consumer.go:37","msg":"Successfully indexed user","userID":"\u0000"}
{"level":"INFO","timestamp":"2025-02-23T04:33:20.335+0700","caller":"initialize/logger.go:10","msg":"Logger initialized successfully"}
{"level":"INFO","timestamp":"2025-02-23T04:33:20.528+0700","caller":"initialize/kafka.go:23","msg":"Kafka producer initialized","broker":"localhost","topic":"user-events"}
{"level":"INFO","timestamp":"2025-02-23T04:33:20.528+0700","caller":"initialize/kafka.go:33","msg":"Kafka consumer initialized","broker":"localhost","group_id":"user-group","topic":"user-events"}
{"level":"INFO","timestamp":"2025-02-23T04:33:20.528+0700","caller":"initialize/kafka.go:55","msg":"Kafka initialized","KafkaConfig":{"Broker":"localhost","Port":9092,"Topic":"user-events","GroupID":"user-group"}}
{"level":"INFO","timestamp":"2025-02-23T04:33:20.529+0700","caller":"initialize/read_database.go:22","msg":"Elasticsearch client initialized"}
{"level":"INFO","timestamp":"2025-02-23T04:33:52.429+0700","caller":"initialize/logger.go:10","msg":"Logger initialized successfully"}
{"level":"INFO","timestamp":"2025-02-23T04:33:52.558+0700","caller":"initialize/kafka.go:23","msg":"Kafka producer initialized","broker":"localhost","topic":"user-events"}
{"level":"INFO","timestamp":"2025-02-23T04:33:52.558+0700","caller":"initialize/kafka.go:33","msg":"Kafka consumer initialized","broker":"localhost","group_id":"user-group","topic":"user-events"}
{"level":"INFO","timestamp":"2025-02-23T04:33:52.558+0700","caller":"initialize/kafka.go:55","msg":"Kafka initialized","KafkaConfig":{"Broker":"localhost","Port":9092,"Topic":"user-events","GroupID":"user-group"}}
{"level":"INFO","timestamp":"2025-02-23T04:33:52.558+0700","caller":"initialize/read_database.go:22","msg":"Elasticsearch client initialized"}
{"level":"INFO","timestamp":"2025-02-23T04:34:19.177+0700","caller":"initialize/logger.go:10","msg":"Logger initialized successfully"}
{"level":"INFO","timestamp":"2025-02-23T04:34:19.329+0700","caller":"initialize/kafka.go:23","msg":"Kafka producer initialized","broker":"localhost","topic":"user-events"}
{"level":"INFO","timestamp":"2025-02-23T04:34:19.329+0700","caller":"initialize/kafka.go:33","msg":"Kafka consumer initialized","broker":"localhost","group_id":"user-group","topic":"user-events"}
{"level":"INFO","timestamp":"2025-02-23T04:34:19.329+0700","caller":"initialize/kafka.go:55","msg":"Kafka initialized","KafkaConfig":{"Broker":"localhost","Port":9092,"Topic":"user-events","GroupID":"user-group"}}
{"level":"INFO","timestamp":"2025-02-23T04:34:19.329+0700","caller":"initialize/read_database.go:22","msg":"Elasticsearch client initialized"}
{"level":"ERROR","timestamp":"2025-02-23T04:34:27.718+0700","caller":"controller/user.controller.go:107","msg":"Failed to bind query: ","error":"Key: 'SearchUserQuery.Query' Error:Field validation for 'Query' failed on the 'required' tag","stacktrace":"github.com/bhtoan2204/user/internal/application/controller.(*UserController).SearchUser\n\t/Users/toanbanh/youtube-backend/user/internal/application/controller/user.controller.go:107\ngithub.com/gin-gonic/gin.(*Context).Next\n\t/Users/toanbanh/go/pkg/mod/github.com/gin-gonic/gin@v1.10.0/context.go:185\ngithub.com/gin-gonic/gin.CustomRecoveryWithWriter.func1\n\t/Users/toanbanh/go/pkg/mod/github.com/gin-gonic/gin@v1.10.0/recovery.go:102\ngithub.com/gin-gonic/gin.(*Context).Next\n\t/Users/toanbanh/go/pkg/mod/github.com/gin-gonic/gin@v1.10.0/context.go:185\ngithub.com/gin-gonic/gin.LoggerWithConfig.func1\n\t/Users/toanbanh/go/pkg/mod/github.com/gin-gonic/gin@v1.10.0/logger.go:249\ngithub.com/gin-gonic/gin.(*Context).Next\n\t/Users/toanbanh/go/pkg/mod/github.com/gin-gonic/gin@v1.10.0/context.go:185\ngithub.com/gin-gonic/gin.(*Engine).handleHTTPRequest\n\t/Users/toanbanh/go/pkg/mod/github.com/gin-gonic/gin@v1.10.0/gin.go:633\ngithub.com/gin-gonic/gin.(*Engine).ServeHTTP\n\t/Users/toanbanh/go/pkg/mod/github.com/gin-gonic/gin@v1.10.0/gin.go:589\nnet/http.serverHandler.ServeHTTP\n\t/usr/local/Cellar/go/1.23.2/libexec/src/net/http/server.go:3210\nnet/http.(*conn).serve\n\t/usr/local/Cellar/go/1.23.2/libexec/src/net/http/server.go:2092"}
{"level":"INFO","timestamp":"2025-02-23T04:34:55.954+0700","caller":"initialize/logger.go:10","msg":"Logger initialized successfully"}
{"level":"INFO","timestamp":"2025-02-23T04:34:56.150+0700","caller":"initialize/kafka.go:23","msg":"Kafka producer initialized","broker":"localhost","topic":"user-events"}
{"level":"INFO","timestamp":"2025-02-23T04:34:56.150+0700","caller":"initialize/kafka.go:33","msg":"Kafka consumer initialized","broker":"localhost","group_id":"user-group","topic":"user-events"}
{"level":"INFO","timestamp":"2025-02-23T04:34:56.150+0700","caller":"initialize/kafka.go:55","msg":"Kafka initialized","KafkaConfig":{"Broker":"localhost","Port":9092,"Topic":"user-events","GroupID":"user-group"}}
{"level":"INFO","timestamp":"2025-02-23T04:34:56.150+0700","caller":"initialize/read_database.go:22","msg":"Elasticsearch client initialized"}
{"level":"INFO","timestamp":"2025-02-23T04:35:33.310+0700","caller":"initialize/logger.go:10","msg":"Logger initialized successfully"}
{"level":"INFO","timestamp":"2025-02-23T04:35:33.450+0700","caller":"initialize/kafka.go:23","msg":"Kafka producer initialized","broker":"localhost","topic":"user-events"}
{"level":"INFO","timestamp":"2025-02-23T04:35:33.451+0700","caller":"initialize/kafka.go:33","msg":"Kafka consumer initialized","broker":"localhost","group_id":"user-group","topic":"user-events"}
{"level":"INFO","timestamp":"2025-02-23T04:35:33.451+0700","caller":"initialize/kafka.go:55","msg":"Kafka initialized","KafkaConfig":{"Broker":"localhost","Port":9092,"Topic":"user-events","GroupID":"user-group"}}
{"level":"INFO","timestamp":"2025-02-23T04:35:33.451+0700","caller":"initialize/read_database.go:22","msg":"Elasticsearch client initialized"}
{"level":"INFO","timestamp":"2025-02-23T04:37:39.444+0700","caller":"initialize/logger.go:10","msg":"Logger initialized successfully"}
{"level":"INFO","timestamp":"2025-02-23T04:37:39.585+0700","caller":"initialize/kafka.go:23","msg":"Kafka producer initialized","broker":"localhost","topic":"user-events"}
{"level":"INFO","timestamp":"2025-02-23T04:37:39.586+0700","caller":"initialize/kafka.go:33","msg":"Kafka consumer initialized","broker":"localhost","group_id":"user-group","topic":"user-events"}
{"level":"INFO","timestamp":"2025-02-23T04:37:39.586+0700","caller":"initialize/kafka.go:55","msg":"Kafka initialized","KafkaConfig":{"Broker":"localhost","Port":9092,"Topic":"user-events","GroupID":"user-group"}}
{"level":"INFO","timestamp":"2025-02-23T04:37:39.586+0700","caller":"initialize/read_database.go:22","msg":"Elasticsearch client initialized"}
{"level":"ERROR","timestamp":"2025-02-23T04:37:41.252+0700","caller":"controller/user.controller.go:107","msg":"Failed to bind query: ","error":"Key: 'SearchUserQuery.Query' Error:Field validation for 'Query' failed on the 'required' tag","stacktrace":"github.com/bhtoan2204/user/internal/application/controller.(*UserController).SearchUser\n\t/Users/toanbanh/youtube-backend/user/internal/application/controller/user.controller.go:107\ngithub.com/gin-gonic/gin.(*Context).Next\n\t/Users/toanbanh/go/pkg/mod/github.com/gin-gonic/gin@v1.10.0/context.go:185\ngithub.com/gin-gonic/gin.CustomRecoveryWithWriter.func1\n\t/Users/toanbanh/go/pkg/mod/github.com/gin-gonic/gin@v1.10.0/recovery.go:102\ngithub.com/gin-gonic/gin.(*Context).Next\n\t/Users/toanbanh/go/pkg/mod/github.com/gin-gonic/gin@v1.10.0/context.go:185\ngithub.com/gin-gonic/gin.LoggerWithConfig.func1\n\t/Users/toanbanh/go/pkg/mod/github.com/gin-gonic/gin@v1.10.0/logger.go:249\ngithub.com/gin-gonic/gin.(*Context).Next\n\t/Users/toanbanh/go/pkg/mod/github.com/gin-gonic/gin@v1.10.0/context.go:185\ngithub.com/gin-gonic/gin.(*Engine).handleHTTPRequest\n\t/Users/toanbanh/go/pkg/mod/github.com/gin-gonic/gin@v1.10.0/gin.go:633\ngithub.com/gin-gonic/gin.(*Engine).ServeHTTP\n\t/Users/toanbanh/go/pkg/mod/github.com/gin-gonic/gin@v1.10.0/gin.go:589\nnet/http.serverHandler.ServeHTTP\n\t/usr/local/Cellar/go/1.23.2/libexec/src/net/http/server.go:3210\nnet/http.(*conn).serve\n\t/usr/local/Cellar/go/1.23.2/libexec/src/net/http/server.go:2092"}
{"level":"INFO","timestamp":"2025-02-23T04:38:23.281+0700","caller":"initialize/logger.go:10","msg":"Logger initialized successfully"}
{"level":"INFO","timestamp":"2025-02-23T04:38:23.443+0700","caller":"initialize/kafka.go:23","msg":"Kafka producer initialized","broker":"localhost","topic":"user-events"}
{"level":"INFO","timestamp":"2025-02-23T04:38:23.443+0700","caller":"initialize/kafka.go:33","msg":"Kafka consumer initialized","broker":"localhost","group_id":"user-group","topic":"user-events"}
{"level":"INFO","timestamp":"2025-02-23T04:38:23.443+0700","caller":"initialize/kafka.go:55","msg":"Kafka initialized","KafkaConfig":{"Broker":"localhost","Port":9092,"Topic":"user-events","GroupID":"user-group"}}
{"level":"INFO","timestamp":"2025-02-23T04:38:23.443+0700","caller":"initialize/read_database.go:22","msg":"Elasticsearch client initialized"}
{"level":"INFO","timestamp":"2025-02-23T04:40:15.331+0700","caller":"initialize/logger.go:10","msg":"Logger initialized successfully"}
{"level":"INFO","timestamp":"2025-02-23T04:40:15.592+0700","caller":"initialize/kafka.go:23","msg":"Kafka producer initialized","broker":"localhost","topic":"user-events"}
{"level":"INFO","timestamp":"2025-02-23T04:40:15.592+0700","caller":"initialize/kafka.go:33","msg":"Kafka consumer initialized","broker":"localhost","group_id":"user-group","topic":"user-events"}
{"level":"INFO","timestamp":"2025-02-23T04:40:15.592+0700","caller":"initialize/kafka.go:55","msg":"Kafka initialized","KafkaConfig":{"Broker":"localhost","Port":9092,"Topic":"user-events","GroupID":"user-group"}}
{"level":"INFO","timestamp":"2025-02-23T04:40:15.592+0700","caller":"initialize/read_database.go:22","msg":"Elasticsearch client initialized"}
{"level":"INFO","timestamp":"2025-02-23T04:40:47.288+0700","caller":"initialize/logger.go:10","msg":"Logger initialized successfully"}
{"level":"INFO","timestamp":"2025-02-23T04:40:47.458+0700","caller":"initialize/kafka.go:23","msg":"Kafka producer initialized","broker":"localhost","topic":"user-events"}
{"level":"INFO","timestamp":"2025-02-23T04:40:47.458+0700","caller":"initialize/kafka.go:33","msg":"Kafka consumer initialized","broker":"localhost","group_id":"user-group","topic":"user-events"}
{"level":"INFO","timestamp":"2025-02-23T04:40:47.458+0700","caller":"initialize/kafka.go:55","msg":"Kafka initialized","KafkaConfig":{"Broker":"localhost","Port":9092,"Topic":"user-events","GroupID":"user-group"}}
{"level":"INFO","timestamp":"2025-02-23T04:40:47.459+0700","caller":"initialize/read_database.go:22","msg":"Elasticsearch client initialized"}
{"level":"INFO","timestamp":"2025-02-23T04:41:18.488+0700","caller":"initialize/logger.go:10","msg":"Logger initialized successfully"}
{"level":"INFO","timestamp":"2025-02-23T04:41:18.657+0700","caller":"initialize/kafka.go:23","msg":"Kafka producer initialized","broker":"localhost","topic":"user-events"}
{"level":"INFO","timestamp":"2025-02-23T04:41:18.657+0700","caller":"initialize/kafka.go:33","msg":"Kafka consumer initialized","broker":"localhost","group_id":"user-group","topic":"user-events"}
{"level":"INFO","timestamp":"2025-02-23T04:41:18.657+0700","caller":"initialize/kafka.go:55","msg":"Kafka initialized","KafkaConfig":{"Broker":"localhost","Port":9092,"Topic":"user-events","GroupID":"user-group"}}
{"level":"INFO","timestamp":"2025-02-23T04:41:18.657+0700","caller":"initialize/read_database.go:22","msg":"Elasticsearch client initialized"}
{"level":"INFO","timestamp":"2025-02-23T04:42:51.787+0700","caller":"initialize/logger.go:10","msg":"Logger initialized successfully"}
{"level":"INFO","timestamp":"2025-02-23T04:42:51.963+0700","caller":"initialize/kafka.go:23","msg":"Kafka producer initialized","broker":"localhost","topic":"user-events"}
{"level":"INFO","timestamp":"2025-02-23T04:42:51.963+0700","caller":"initialize/kafka.go:33","msg":"Kafka consumer initialized","broker":"localhost","group_id":"user-group","topic":"user-events"}
{"level":"INFO","timestamp":"2025-02-23T04:42:51.963+0700","caller":"initialize/kafka.go:55","msg":"Kafka initialized","KafkaConfig":{"Broker":"localhost","Port":9092,"Topic":"user-events","GroupID":"user-group"}}
{"level":"INFO","timestamp":"2025-02-23T04:42:51.964+0700","caller":"initialize/read_database.go:22","msg":"Elasticsearch client initialized"}
{"level":"INFO","timestamp":"2025-02-23T04:43:51.305+0700","caller":"initialize/logger.go:10","msg":"Logger initialized successfully"}
{"level":"INFO","timestamp":"2025-02-23T04:43:51.485+0700","caller":"initialize/kafka.go:23","msg":"Kafka producer initialized","broker":"localhost","topic":"user-events"}
{"level":"INFO","timestamp":"2025-02-23T04:43:51.485+0700","caller":"initialize/kafka.go:33","msg":"Kafka consumer initialized","broker":"localhost","group_id":"user-group","topic":"user-events"}
{"level":"INFO","timestamp":"2025-02-23T04:43:51.485+0700","caller":"initialize/kafka.go:55","msg":"Kafka initialized","KafkaConfig":{"Broker":"localhost","Port":9092,"Topic":"user-events","GroupID":"user-group"}}
{"level":"INFO","timestamp":"2025-02-23T04:43:51.485+0700","caller":"initialize/read_database.go:22","msg":"Elasticsearch client initialized"}
{"level":"INFO","timestamp":"2025-02-23T04:44:20.292+0700","caller":"initialize/logger.go:10","msg":"Logger initialized successfully"}
{"level":"INFO","timestamp":"2025-02-23T04:44:20.457+0700","caller":"initialize/kafka.go:23","msg":"Kafka producer initialized","broker":"localhost","topic":"user-events"}
{"level":"INFO","timestamp":"2025-02-23T04:44:20.457+0700","caller":"initialize/kafka.go:33","msg":"Kafka consumer initialized","broker":"localhost","group_id":"user-group","topic":"user-events"}
{"level":"INFO","timestamp":"2025-02-23T04:44:20.457+0700","caller":"initialize/kafka.go:55","msg":"Kafka initialized","KafkaConfig":{"Broker":"localhost","Port":9092,"Topic":"user-events","GroupID":"user-group"}}
{"level":"INFO","timestamp":"2025-02-23T04:44:20.458+0700","caller":"initialize/read_database.go:22","msg":"Elasticsearch client initialized"}
{"level":"INFO","timestamp":"2025-02-23T04:45:28.276+0700","caller":"initialize/logger.go:10","msg":"Logger initialized successfully"}
{"level":"INFO","timestamp":"2025-02-23T04:45:28.480+0700","caller":"initialize/kafka.go:23","msg":"Kafka producer initialized","broker":"localhost","topic":"user-events"}
{"level":"INFO","timestamp":"2025-02-23T04:45:28.480+0700","caller":"initialize/kafka.go:33","msg":"Kafka consumer initialized","broker":"localhost","group_id":"user-group","topic":"user-events"}
{"level":"INFO","timestamp":"2025-02-23T04:45:28.480+0700","caller":"initialize/kafka.go:55","msg":"Kafka initialized","KafkaConfig":{"Broker":"localhost","Port":9092,"Topic":"user-events","GroupID":"user-group"}}
{"level":"INFO","timestamp":"2025-02-23T04:45:28.480+0700","caller":"initialize/read_database.go:22","msg":"Elasticsearch client initialized"}
{"level":"INFO","timestamp":"2025-02-23T04:49:59.872+0700","caller":"initialize/logger.go:10","msg":"Logger initialized successfully"}
{"level":"INFO","timestamp":"2025-02-23T04:50:00.025+0700","caller":"initialize/kafka.go:23","msg":"Kafka producer initialized","broker":"localhost","topic":"user-events"}
{"level":"INFO","timestamp":"2025-02-23T04:50:00.025+0700","caller":"initialize/kafka.go:33","msg":"Kafka consumer initialized","broker":"localhost","group_id":"user-group","topic":"user-events"}
{"level":"INFO","timestamp":"2025-02-23T04:50:00.025+0700","caller":"initialize/kafka.go:55","msg":"Kafka initialized","KafkaConfig":{"Broker":"localhost","Port":9092,"Topic":"user-events","GroupID":"user-group"}}
{"level":"INFO","timestamp":"2025-02-23T04:50:00.025+0700","caller":"initialize/read_database.go:22","msg":"Elasticsearch client initialized"}
{"level":"INFO","timestamp":"2025-02-23T04:50:31.266+0700","caller":"consumer/event.consumer.go:21","msg":"Message consumed from Kafka","key":"UserCreated","value":"{\"payload\":{\"ID\":8,\"Username\":\"bhtoan2205\",\"Email\":\"banhhaotoan2003@gmail.com\",\"FirstName\":\"Hao\",\"LastName\":\"Toan\",\"Phone\":\"0123456789\",\"BirthDate\":\"2002-02-20T00:00:00Z\",\"Address\":\"\",\"Settings\":null,\"Role\":\"\"},\"occurred\":\"2025-02-23T04:50:30.248921+07:00\"}"}
{"level":"INFO","timestamp":"2025-02-23T04:50:31.342+0700","caller":"consumer/event.consumer.go:37","msg":"Successfully indexed user","userID":"\u0000"}
{"level":"INFO","timestamp":"2025-02-23T04:54:31.811+0700","caller":"initialize/logger.go:10","msg":"Logger initialized successfully"}
{"level":"INFO","timestamp":"2025-02-23T04:54:31.984+0700","caller":"initialize/kafka.go:23","msg":"Kafka producer initialized","broker":"localhost","topic":"user-events"}
{"level":"INFO","timestamp":"2025-02-23T04:54:31.984+0700","caller":"initialize/kafka.go:33","msg":"Kafka consumer initialized","broker":"localhost","group_id":"user-group","topic":"user-events"}
{"level":"INFO","timestamp":"2025-02-23T04:54:31.984+0700","caller":"initialize/kafka.go:55","msg":"Kafka initialized","KafkaConfig":{"Broker":"localhost","Port":9092,"Topic":"user-events","GroupID":"user-group"}}
{"level":"INFO","timestamp":"2025-02-23T04:54:31.984+0700","caller":"initialize/read_database.go:22","msg":"Elasticsearch client initialized"}
{"level":"INFO","timestamp":"2025-02-23T04:54:54.071+0700","caller":"consumer/event.consumer.go:21","msg":"Message consumed from Kafka","key":"UserCreated","value":"{\"payload\":{\"ID\":10,\"Username\":\"bhtoan2205\",\"Email\":\"banhhaotoan2003@gmail.com\",\"FirstName\":\"Hao\",\"LastName\":\"Toan\",\"Phone\":\"0123456789\",\"BirthDate\":\"2002-02-20T00:00:00Z\",\"Address\":\"\",\"Settings\":null,\"Role\":\"\"},\"occurred\":\"2025-02-23T04:54:47.466746+07:00\"}"}
{"level":"INFO","timestamp":"2025-02-23T04:54:54.183+0700","caller":"consumer/event.consumer.go:37","msg":"Successfully indexed user","userID":"\u0000"}
{"level":"INFO","timestamp":"2025-02-23T04:57:29.301+0700","caller":"initialize/logger.go:10","msg":"Logger initialized successfully"}
{"level":"INFO","timestamp":"2025-02-23T04:57:29.627+0700","caller":"initialize/kafka.go:23","msg":"Kafka producer initialized","broker":"localhost","topic":"user-events"}
{"level":"INFO","timestamp":"2025-02-23T04:57:29.627+0700","caller":"initialize/kafka.go:33","msg":"Kafka consumer initialized","broker":"localhost","group_id":"user-group","topic":"user-events"}
{"level":"INFO","timestamp":"2025-02-23T04:57:29.627+0700","caller":"initialize/kafka.go:55","msg":"Kafka initialized","KafkaConfig":{"Broker":"localhost","Port":9092,"Topic":"user-events","GroupID":"user-group"}}
{"level":"INFO","timestamp":"2025-02-23T04:57:29.628+0700","caller":"initialize/read_database.go:22","msg":"Elasticsearch client initialized"}
{"level":"INFO","timestamp":"2025-02-23T04:57:51.093+0700","caller":"consumer/event.consumer.go:22","msg":"Message consumed from Kafka","key":"UserCreated","value":"{\"payload\":{\"ID\":11,\"Username\":\"bhtoan2205\",\"Email\":\"banhhaotoan2003@gmail.com\",\"FirstName\":\"Hao\",\"LastName\":\"Toan\",\"Phone\":\"0123456789\",\"BirthDate\":\"2002-02-20T00:00:00Z\",\"Address\":\"\",\"Settings\":null,\"Role\":\"\"},\"occurred\":\"2025-02-23T04:57:42.771069+07:00\"}"}
{"level":"INFO","timestamp":"2025-02-23T05:01:01.110+0700","caller":"initialize/logger.go:10","msg":"Logger initialized successfully"}
{"level":"INFO","timestamp":"2025-02-23T05:01:01.249+0700","caller":"initialize/kafka.go:23","msg":"Kafka producer initialized","broker":"localhost","topic":"user-events"}
{"level":"INFO","timestamp":"2025-02-23T05:01:01.249+0700","caller":"initialize/kafka.go:33","msg":"Kafka consumer initialized","broker":"localhost","group_id":"user-group","topic":"user-events"}
{"level":"INFO","timestamp":"2025-02-23T05:01:01.249+0700","caller":"initialize/kafka.go:55","msg":"Kafka initialized","KafkaConfig":{"Broker":"localhost","Port":9092,"Topic":"user-events","GroupID":"user-group"}}
{"level":"INFO","timestamp":"2025-02-23T05:01:01.249+0700","caller":"initialize/read_database.go:22","msg":"Elasticsearch client initialized"}
{"level":"INFO","timestamp":"2025-02-23T05:01:37.269+0700","caller":"consumer/event.consumer.go:22","msg":"Message consumed from Kafka","key":"UserCreated","value":"{\"payload\":{\"ID\":12,\"Username\":\"bhtoan2205\",\"Email\":\"banhhaotoan2003@gmail.com\",\"FirstName\":\"Hao\",\"LastName\":\"Toan\",\"Phone\":\"0123456789\",\"BirthDate\":\"2002-02-20T00:00:00Z\",\"Address\":\"\",\"Settings\":null,\"Role\":\"\"},\"occurred\":\"2025-02-23T05:01:36.250398+07:00\"}"}
{"level":"INFO","timestamp":"2025-02-23T05:02:09.787+0700","caller":"initialize/logger.go:10","msg":"Logger initialized successfully"}
{"level":"INFO","timestamp":"2025-02-23T05:02:09.941+0700","caller":"initialize/kafka.go:23","msg":"Kafka producer initialized","broker":"localhost","topic":"user-events"}
{"level":"INFO","timestamp":"2025-02-23T05:02:09.941+0700","caller":"initialize/kafka.go:33","msg":"Kafka consumer initialized","broker":"localhost","group_id":"user-group","topic":"user-events"}
{"level":"INFO","timestamp":"2025-02-23T05:02:09.941+0700","caller":"initialize/kafka.go:55","msg":"Kafka initialized","KafkaConfig":{"Broker":"localhost","Port":9092,"Topic":"user-events","GroupID":"user-group"}}
{"level":"INFO","timestamp":"2025-02-23T05:02:09.942+0700","caller":"initialize/read_database.go:22","msg":"Elasticsearch client initialized"}
